mode: count
gitlab.ozon.dev/vldem/homework1/internal/pkg/core/user/storage/postgres/roles.go:10.88,13.16 3 3
gitlab.ozon.dev/vldem/homework1/internal/pkg/core/user/storage/postgres/roles.go:16.2,17.55 2 3
gitlab.ozon.dev/vldem/homework1/internal/pkg/core/user/storage/postgres/roles.go:20.2,20.20 1 2
gitlab.ozon.dev/vldem/homework1/internal/pkg/core/user/storage/postgres/roles.go:13.16,15.3 1 0
gitlab.ozon.dev/vldem/homework1/internal/pkg/core/user/storage/postgres/roles.go:17.55,19.3 1 1
gitlab.ozon.dev/vldem/homework1/internal/pkg/core/user/storage/postgres/users.go:25.57,29.2 1 7
gitlab.ozon.dev/vldem/homework1/internal/pkg/core/user/storage/postgres/users.go:31.130,38.29 5 0
gitlab.ozon.dev/vldem/homework1/internal/pkg/core/user/storage/postgres/users.go:42.2,45.83 3 0
gitlab.ozon.dev/vldem/homework1/internal/pkg/core/user/storage/postgres/users.go:48.2,48.20 1 0
gitlab.ozon.dev/vldem/homework1/internal/pkg/core/user/storage/postgres/users.go:38.29,40.3 1 0
gitlab.ozon.dev/vldem/homework1/internal/pkg/core/user/storage/postgres/users.go:45.83,47.3 1 0
gitlab.ozon.dev/vldem/homework1/internal/pkg/core/user/storage/postgres/users.go:51.76,54.53 2 4
gitlab.ozon.dev/vldem/homework1/internal/pkg/core/user/storage/postgres/users.go:57.2,57.22 1 4
gitlab.ozon.dev/vldem/homework1/internal/pkg/core/user/storage/postgres/users.go:61.2,62.16 2 3
gitlab.ozon.dev/vldem/homework1/internal/pkg/core/user/storage/postgres/users.go:66.2,70.16 3 2
gitlab.ozon.dev/vldem/homework1/internal/pkg/core/user/storage/postgres/users.go:73.2,74.51 2 1
gitlab.ozon.dev/vldem/homework1/internal/pkg/core/user/storage/postgres/users.go:79.2,79.16 1 1
gitlab.ozon.dev/vldem/homework1/internal/pkg/core/user/storage/postgres/users.go:54.53,56.3 1 0
gitlab.ozon.dev/vldem/homework1/internal/pkg/core/user/storage/postgres/users.go:57.22,59.3 1 1
gitlab.ozon.dev/vldem/homework1/internal/pkg/core/user/storage/postgres/users.go:62.16,64.3 1 1
gitlab.ozon.dev/vldem/homework1/internal/pkg/core/user/storage/postgres/users.go:70.16,72.3 1 1
gitlab.ozon.dev/vldem/homework1/internal/pkg/core/user/storage/postgres/users.go:74.51,77.3 1 0
gitlab.ozon.dev/vldem/homework1/internal/pkg/core/user/storage/postgres/users.go:82.71,86.49 2 0
gitlab.ozon.dev/vldem/homework1/internal/pkg/core/user/storage/postgres/users.go:91.2,92.22 2 0
gitlab.ozon.dev/vldem/homework1/internal/pkg/core/user/storage/postgres/users.go:96.2,97.16 2 0
gitlab.ozon.dev/vldem/homework1/internal/pkg/core/user/storage/postgres/users.go:101.2,104.16 3 0
gitlab.ozon.dev/vldem/homework1/internal/pkg/core/user/storage/postgres/users.go:108.2,108.32 1 0
gitlab.ozon.dev/vldem/homework1/internal/pkg/core/user/storage/postgres/users.go:112.2,112.12 1 0
gitlab.ozon.dev/vldem/homework1/internal/pkg/core/user/storage/postgres/users.go:86.49,88.3 1 0
gitlab.ozon.dev/vldem/homework1/internal/pkg/core/user/storage/postgres/users.go:92.22,94.3 1 0
gitlab.ozon.dev/vldem/homework1/internal/pkg/core/user/storage/postgres/users.go:97.16,99.3 1 0
gitlab.ozon.dev/vldem/homework1/internal/pkg/core/user/storage/postgres/users.go:104.16,106.3 1 0
gitlab.ozon.dev/vldem/homework1/internal/pkg/core/user/storage/postgres/users.go:108.32,110.3 1 0
gitlab.ozon.dev/vldem/homework1/internal/pkg/core/user/storage/postgres/users.go:115.62,120.16 3 0
gitlab.ozon.dev/vldem/homework1/internal/pkg/core/user/storage/postgres/users.go:124.2,124.32 1 0
gitlab.ozon.dev/vldem/homework1/internal/pkg/core/user/storage/postgres/users.go:128.2,128.12 1 0
gitlab.ozon.dev/vldem/homework1/internal/pkg/core/user/storage/postgres/users.go:120.16,122.3 1 0
gitlab.ozon.dev/vldem/homework1/internal/pkg/core/user/storage/postgres/users.go:124.32,126.3 1 0
gitlab.ozon.dev/vldem/homework1/internal/pkg/core/user/storage/postgres/users.go:131.75,136.16 3 3
gitlab.ozon.dev/vldem/homework1/internal/pkg/core/user/storage/postgres/users.go:139.2,140.53 2 2
gitlab.ozon.dev/vldem/homework1/internal/pkg/core/user/storage/postgres/users.go:143.2,143.19 1 1
gitlab.ozon.dev/vldem/homework1/internal/pkg/core/user/storage/postgres/users.go:136.16,138.3 1 1
gitlab.ozon.dev/vldem/homework1/internal/pkg/core/user/storage/postgres/users.go:140.53,142.3 1 1
gitlab.ozon.dev/vldem/homework1/internal/pkg/core/user/storage/postgres/users.go:146.91,150.16 3 4
gitlab.ozon.dev/vldem/homework1/internal/pkg/core/user/storage/postgres/users.go:153.2,154.53 2 4
gitlab.ozon.dev/vldem/homework1/internal/pkg/core/user/storage/postgres/users.go:160.2,160.19 1 1
gitlab.ozon.dev/vldem/homework1/internal/pkg/core/user/storage/postgres/users.go:150.16,152.3 1 0
gitlab.ozon.dev/vldem/homework1/internal/pkg/core/user/storage/postgres/users.go:154.53,155.28 1 3
gitlab.ozon.dev/vldem/homework1/internal/pkg/core/user/storage/postgres/users.go:158.3,158.82 1 0
gitlab.ozon.dev/vldem/homework1/internal/pkg/core/user/storage/postgres/users.go:155.28,157.4 1 3
gitlab.ozon.dev/vldem/homework1/internal/api/backend/backend.go:19.50,23.2 1 15
gitlab.ozon.dev/vldem/homework1/internal/api/backend/backend.go:30.129,37.18 1 4
gitlab.ozon.dev/vldem/homework1/internal/api/backend/backend.go:41.2,47.16 2 2
gitlab.ozon.dev/vldem/homework1/internal/api/backend/backend.go:51.2,53.8 1 1
gitlab.ozon.dev/vldem/homework1/internal/api/backend/backend.go:37.18,39.3 1 2
gitlab.ozon.dev/vldem/homework1/internal/api/backend/backend.go:47.16,49.3 1 1
gitlab.ozon.dev/vldem/homework1/internal/api/backend/backend.go:56.120,59.16 2 2
gitlab.ozon.dev/vldem/homework1/internal/api/backend/backend.go:62.2,67.8 1 1
gitlab.ozon.dev/vldem/homework1/internal/api/backend/backend.go:59.16,61.3 1 1
gitlab.ozon.dev/vldem/homework1/internal/api/backend/backend.go:70.123,72.36 1 3
gitlab.ozon.dev/vldem/homework1/internal/api/backend/backend.go:79.2,80.8 2 2
gitlab.ozon.dev/vldem/homework1/internal/api/backend/backend.go:84.2,92.30 5 2
gitlab.ozon.dev/vldem/homework1/internal/api/backend/backend.go:96.2,96.21 1 2
gitlab.ozon.dev/vldem/homework1/internal/api/backend/backend.go:99.2,99.18 1 2
gitlab.ozon.dev/vldem/homework1/internal/api/backend/backend.go:103.2,104.16 2 2
gitlab.ozon.dev/vldem/homework1/internal/api/backend/backend.go:108.2,109.29 2 1
gitlab.ozon.dev/vldem/homework1/internal/api/backend/backend.go:118.2,120.8 1 1
gitlab.ozon.dev/vldem/homework1/internal/api/backend/backend.go:72.36,74.17 2 3
gitlab.ozon.dev/vldem/homework1/internal/api/backend/backend.go:74.17,76.4 1 1
gitlab.ozon.dev/vldem/homework1/internal/api/backend/backend.go:80.8,82.3 1 0
gitlab.ozon.dev/vldem/homework1/internal/api/backend/backend.go:92.30,94.3 1 0
gitlab.ozon.dev/vldem/homework1/internal/api/backend/backend.go:96.21,98.3 1 0
gitlab.ozon.dev/vldem/homework1/internal/api/backend/backend.go:99.18,101.3 1 0
gitlab.ozon.dev/vldem/homework1/internal/api/backend/backend.go:104.16,106.3 1 1
gitlab.ozon.dev/vldem/homework1/internal/api/backend/backend.go:109.29,116.3 1 2
gitlab.ozon.dev/vldem/homework1/internal/api/backend/backend.go:123.129,129.18 1 3
gitlab.ozon.dev/vldem/homework1/internal/api/backend/backend.go:133.2,134.16 2 3
gitlab.ozon.dev/vldem/homework1/internal/api/backend/backend.go:138.2,138.71 1 3
gitlab.ozon.dev/vldem/homework1/internal/api/backend/backend.go:142.2,148.17 1 2
gitlab.ozon.dev/vldem/homework1/internal/api/backend/backend.go:151.2,151.45 1 1
gitlab.ozon.dev/vldem/homework1/internal/api/backend/backend.go:129.18,131.3 1 0
gitlab.ozon.dev/vldem/homework1/internal/api/backend/backend.go:134.16,136.3 1 0
gitlab.ozon.dev/vldem/homework1/internal/api/backend/backend.go:138.71,140.3 1 1
gitlab.ozon.dev/vldem/homework1/internal/api/backend/backend.go:148.17,150.3 1 1
gitlab.ozon.dev/vldem/homework1/internal/api/backend/backend.go:154.129,157.16 2 3
gitlab.ozon.dev/vldem/homework1/internal/api/backend/backend.go:161.2,161.68 1 2
gitlab.ozon.dev/vldem/homework1/internal/api/backend/backend.go:165.2,165.61 1 1
gitlab.ozon.dev/vldem/homework1/internal/api/backend/backend.go:168.2,168.45 1 1
gitlab.ozon.dev/vldem/homework1/internal/api/backend/backend.go:157.16,159.3 1 1
gitlab.ozon.dev/vldem/homework1/internal/api/backend/backend.go:161.68,163.3 1 1
gitlab.ozon.dev/vldem/homework1/internal/api/backend/backend.go:165.61,167.3 1 0
gitlab.ozon.dev/vldem/homework1/internal/api/backend/backend.go:171.74,174.6 2 0
gitlab.ozon.dev/vldem/homework1/internal/api/backend/backend.go:174.6,176.20 2 0
gitlab.ozon.dev/vldem/homework1/internal/api/backend/backend.go:179.3,179.17 1 0
gitlab.ozon.dev/vldem/homework1/internal/api/backend/backend.go:183.3,189.17 2 0
gitlab.ozon.dev/vldem/homework1/internal/api/backend/backend.go:193.3,195.18 1 0
gitlab.ozon.dev/vldem/homework1/internal/api/backend/backend.go:176.20,178.4 1 0
gitlab.ozon.dev/vldem/homework1/internal/api/backend/backend.go:179.17,181.4 1 0
gitlab.ozon.dev/vldem/homework1/internal/api/backend/backend.go:189.17,191.4 1 0
gitlab.ozon.dev/vldem/homework1/internal/api/backend/backend.go:195.18,197.4 1 0
